2022-08-15 22:05:01 :: INFO     :: server :: Из "main()" вызвана функция "args_parser()" с параметрами:
	
2022-08-15 22:05:01 :: INFO     :: server :: Из "main()" вызвана функция "Server()" с параметрами:
	('', 7777, <common.server_db_config.ServerDB object at 0x7fc06fdfd6f0>)
2022-08-15 22:05:01 :: INFO     :: server :: Запущен сервер по адресу: :7777. Если адрес не указан - принимаются соединения с любых адресов.
2022-08-15 22:17:57 :: INFO     :: server :: Из "main()" вызвана функция "args_parser()" с параметрами:
	
2022-08-15 22:17:57 :: INFO     :: server :: Из "main()" вызвана функция "Server()" с параметрами:
	('', 7777, <common.server_db_config.ServerDB object at 0x7f913bd8c160>)
2022-08-15 22:17:57 :: INFO     :: server :: Запущен сервер по адресу: :7777. Если адрес не указан - принимаются соединения с любых адресов.
2022-08-15 22:18:24 :: INFO     :: server :: Из "main()" вызвана функция "args_parser()" с параметрами:
	
2022-08-15 22:18:24 :: INFO     :: server :: Из "main()" вызвана функция "Server()" с параметрами:
	('', 7777, <common.server_db_config.ServerDB object at 0x7f9db9388160>)
2022-08-15 22:18:24 :: INFO     :: server :: Запущен сервер по адресу: :7777. Если адрес не указан - принимаются соединения с любых адресов.
2022-08-15 22:18:49 :: INFO     :: server :: Из "main()" вызвана функция "args_parser()" с параметрами:
	
2022-08-15 22:18:50 :: INFO     :: server :: Из "main()" вызвана функция "Server()" с параметрами:
	('', 7777, <common.server_db_config.ServerDB object at 0x7f7329080580>)
2022-08-15 22:18:50 :: INFO     :: server :: Запущен сервер по адресу: :7777. Если адрес не указан - принимаются соединения с любых адресов.
2022-08-15 23:07:31 :: INFO     :: server :: Из "main()" вызвана функция "args_parser()" с параметрами:
	
2022-08-15 23:07:31 :: INFO     :: server :: Из "main()" вызвана функция "Server()" с параметрами:
	('', 7777, <common.server_db_config.ServerDB object at 0x7f13e28885b0>)
2022-08-15 23:07:31 :: INFO     :: server :: Запущен сервер по адресу: :7777. Если адрес не указан - принимаются соединения с любых адресов.
2022-08-15 23:08:01 :: INFO     :: server :: Из "main()" вызвана функция "args_parser()" с параметрами:
	
2022-08-15 23:08:10 :: INFO     :: server :: Из "main()" вызвана функция "Server()" с параметрами:
	('', 7777, <common.server_db_config.ServerDB object at 0x7fe8a1d3bb20>)
2022-08-15 23:08:10 :: INFO     :: server :: Запущен сервер по адресу: :7777. Если адрес не указан - принимаются соединения с любых адресов.
2022-08-15 23:08:31 :: INFO     :: server :: Из "main()" вызвана функция "args_parser()" с параметрами:
	
2022-08-15 23:08:39 :: INFO     :: server :: Из "main()" вызвана функция "Server()" с параметрами:
	('', 7777, <common.server_db_config.ServerDB object at 0x7f2ffec24af0>)
2022-08-15 23:08:42 :: INFO     :: server :: Запущен сервер по адресу: :7777. Если адрес не указан - принимаются соединения с любых адресов.
2022-08-15 23:11:37 :: INFO     :: server :: Из "main()" вызвана функция "args_parser()" с параметрами:
	
2022-08-15 23:12:06 :: INFO     :: server :: Из "main()" вызвана функция "Server()" с параметрами:
	('', 7777, <common.server_db_config.ServerDB object at 0x7ff369020e20>)
2022-08-15 23:13:35 :: INFO     :: server :: Из "main()" вызвана функция "args_parser()" с параметрами:
	
2022-08-15 23:13:35 :: INFO     :: server :: Из "main()" вызвана функция "Server()" с параметрами:
	('', 7777, <common.server_db_config.ServerDB object at 0x7f1c4a1845e0>)
2022-08-15 23:13:35 :: INFO     :: server :: Запущен сервер по адресу: :7777. Если адрес не указан - принимаются соединения с любых адресов.
2022-08-15 23:14:03 :: INFO     :: server :: Из "main()" вызвана функция "args_parser()" с параметрами:
	
2022-08-15 23:14:03 :: INFO     :: server :: Из "main()" вызвана функция "Server()" с параметрами:
	('', 7777, <common.server_db_config.ServerDB object at 0x7f84be7805b0>)
2022-08-15 23:14:03 :: INFO     :: server :: Запущен сервер по адресу: :7777. Если адрес не указан - принимаются соединения с любых адресов.
2022-08-15 23:37:22 :: INFO     :: server :: Из "main()" вызвана функция "args_parser()" с параметрами:
	
2022-08-15 23:37:22 :: INFO     :: server :: Из "main()" вызвана функция "Server()" с параметрами:
	('', 7777, <common.server_db_config.ServerDB object at 0x7f54e11885b0>)
2022-08-15 23:37:22 :: INFO     :: server :: Запущен сервер по адресу: :7777. Если адрес не указан - принимаются соединения с любых адресов.
2022-08-15 23:45:07 :: INFO     :: server :: Из "main()" вызвана функция "args_parser()" с параметрами:
	
2022-08-15 23:45:07 :: INFO     :: server :: Из "main()" вызвана функция "Server()" с параметрами:
	('', 7777, <db.server_db_config.ServerDB object at 0x7feb43481900>)
2022-08-15 23:45:07 :: INFO     :: server :: Запущен сервер по адресу: :7777. Если адрес не указан - принимаются соединения с любых адресов.
2022-08-15 23:45:52 :: INFO     :: server :: Из "main()" вызвана функция "args_parser()" с параметрами:
	
2022-08-15 23:45:52 :: INFO     :: server :: Из "main()" вызвана функция "Server()" с параметрами:
	('', 7777, <db.server_db_config.ServerDB object at 0x7ff713b80640>)
2022-08-15 23:45:52 :: INFO     :: server :: Запущен сервер по адресу: :7777. Если адрес не указан - принимаются соединения с любых адресов.
2022-08-15 23:46:26 :: INFO     :: server :: Из "main()" вызвана функция "args_parser()" с параметрами:
	
2022-08-15 23:46:26 :: INFO     :: server :: Из "main()" вызвана функция "Server()" с параметрами:
	('', 7777, <db.server_db_config.ServerDB object at 0x7f1c57784820>)
2022-08-15 23:46:26 :: INFO     :: server :: Запущен сервер по адресу: :7777. Если адрес не указан - принимаются соединения с любых адресов.
2022-08-15 23:46:29 :: INFO     :: server :: Из "main()" вызвана функция "args_parser()" с параметрами:
	
2022-08-15 23:46:29 :: INFO     :: server :: Из "main()" вызвана функция "Server()" с параметрами:
	('', 7777, <db.server_db_config.ServerDB object at 0x7f8b81384820>)
2022-08-15 23:46:29 :: INFO     :: server :: Запущен сервер по адресу: :7777. Если адрес не указан - принимаются соединения с любых адресов.
2022-08-16 00:02:02 :: INFO     :: server :: Из "main()" вызвана функция "args_parser()" с параметрами:
	
2022-08-16 00:02:02 :: INFO     :: server :: Из "main()" вызвана функция "Server()" с параметрами:
	('', 7777, <db.server_db_config.ServerDB object at 0x7f7af22885b0>)
2022-08-16 00:02:02 :: INFO     :: server :: Запущен сервер по адресу: :7777. Если адрес не указан - принимаются соединения с любых адресов.
2022-08-16 00:02:02 :: INFO     :: server :: Успешное соединение с ('127.0.0.1', 49824)
2022-08-16 00:02:03 :: INFO     :: server :: Из "run()" вызвана функция "get_message()" с параметрами:
	(<socket.socket fd=5, family=AddressFamily.AF_INET, type=SocketKind.SOCK_STREAM, proto=0, laddr=('127.0.0.1', 7777), raddr=('127.0.0.1', 49824)>,)
2022-08-16 00:02:03 :: DEBUG    :: server :: Разбор сообщения от клиента : {'action': 'presence', 'time': 1660593722.9193373, 'user': {'account_name': 't1'}}
2022-08-16 00:02:03 :: INFO     :: server :: Из "process_client_message()" вызвана функция "send_message()" с параметрами:
	(<socket.socket fd=5, family=AddressFamily.AF_INET, type=SocketKind.SOCK_STREAM, proto=0, laddr=('127.0.0.1', 7777), raddr=('127.0.0.1', 49824)>, {'response': 200})
2022-08-16 00:02:04 :: INFO     :: server :: Успешное соединение с ('127.0.0.1', 49826)
2022-08-16 00:02:04 :: INFO     :: server :: Из "run()" вызвана функция "get_message()" с параметрами:
	(<socket.socket fd=6, family=AddressFamily.AF_INET, type=SocketKind.SOCK_STREAM, proto=0, laddr=('127.0.0.1', 7777), raddr=('127.0.0.1', 49826)>,)
2022-08-16 00:02:04 :: DEBUG    :: server :: Разбор сообщения от клиента : {'action': 'presence', 'time': 1660593724.2156434, 'user': {'account_name': 't2'}}
2022-08-16 00:02:04 :: INFO     :: server :: Из "process_client_message()" вызвана функция "send_message()" с параметрами:
	(<socket.socket fd=6, family=AddressFamily.AF_INET, type=SocketKind.SOCK_STREAM, proto=0, laddr=('127.0.0.1', 7777), raddr=('127.0.0.1', 49826)>, {'response': 200})
2022-08-16 00:04:17 :: INFO     :: server :: Из "main()" вызвана функция "args_parser()" с параметрами:
	
2022-08-16 00:04:17 :: INFO     :: server :: Из "main()" вызвана функция "Server()" с параметрами:
	('', 7777, <db.server_db_config.ServerDB object at 0x7f9ae8284640>)
2022-08-16 00:04:17 :: INFO     :: server :: Запущен сервер по адресу: :7777. Если адрес не указан - принимаются соединения с любых адресов.
2022-08-16 00:04:48 :: INFO     :: server :: Из "main()" вызвана функция "args_parser()" с параметрами:
	
2022-08-16 00:04:48 :: INFO     :: server :: Из "main()" вызвана функция "Server()" с параметрами:
	('', 7777, <db.server_db_config.ServerDB object at 0x7fc7229876a0>)
2022-08-16 00:04:48 :: INFO     :: server :: Запущен сервер по адресу: :7777. Если адрес не указан - принимаются соединения с любых адресов.
2022-08-16 00:06:46 :: INFO     :: server :: Из "main()" вызвана функция "args_parser()" с параметрами:
	
2022-08-16 00:06:46 :: INFO     :: server :: Из "main()" вызвана функция "Server()" с параметрами:
	('', 7777, <db.server_db_config.ServerDB object at 0x7f9c27384640>)
2022-08-16 00:06:46 :: INFO     :: server :: Запущен сервер по адресу: :7777. Если адрес не указан - принимаются соединения с любых адресов.
2022-08-16 00:07:22 :: INFO     :: server :: Из "main()" вызвана функция "args_parser()" с параметрами:
	
2022-08-16 00:20:48 :: INFO     :: server :: Из "main()" вызвана функция "args_parser()" с параметрами:
	
2022-08-16 00:20:48 :: INFO     :: server :: Из "main()" вызвана функция "Server()" с параметрами:
	('', 7777, <db.server_db_config.ServerDB object at 0x7f8fe407c850>)
2022-08-16 00:20:48 :: INFO     :: server :: Запущен сервер по адресу: :7777. Если адрес не указан - принимаются соединения с любых адресов.
2022-08-16 00:20:51 :: INFO     :: server :: Из "main()" вызвана функция "args_parser()" с параметрами:
	
2022-08-16 00:20:51 :: INFO     :: server :: Из "main()" вызвана функция "Server()" с параметрами:
	('', 7777, <db.server_db_config.ServerDB object at 0x7fc8e717c850>)
2022-08-16 00:20:51 :: INFO     :: server :: Запущен сервер по адресу: :7777. Если адрес не указан - принимаются соединения с любых адресов.
2022-08-16 00:20:55 :: INFO     :: server :: Из "main()" вызвана функция "args_parser()" с параметрами:
	
2022-08-16 00:20:55 :: INFO     :: server :: Из "main()" вызвана функция "Server()" с параметрами:
	('', 7777, <db.server_db_config.ServerDB object at 0x7f3794c7c850>)
2022-08-16 00:20:55 :: INFO     :: server :: Запущен сервер по адресу: :7777. Если адрес не указан - принимаются соединения с любых адресов.
2022-08-16 00:25:11 :: INFO     :: server :: Из "main()" вызвана функция "args_parser()" с параметрами:
	
2022-08-16 00:25:11 :: INFO     :: server :: Из "main()" вызвана функция "Server()" с параметрами:
	('', 7777, <db.server_db_config.ServerDB object at 0x7fda13284610>)
2022-08-16 00:25:11 :: INFO     :: server :: Запущен сервер по адресу: :7777. Если адрес не указан - принимаются соединения с любых адресов.
2022-08-16 00:26:51 :: INFO     :: server :: Из "main()" вызвана функция "args_parser()" с параметрами:
	
2022-08-16 00:26:51 :: INFO     :: server :: Из "main()" вызвана функция "Server()" с параметрами:
	('', 7777, <db.server_db_config.ServerDB object at 0x7f7f57788610>)
2022-08-16 00:26:51 :: INFO     :: server :: Запущен сервер по адресу: :7777. Если адрес не указан - принимаются соединения с любых адресов.
